// 同步 ID: 3d3c6c45 @ Mon Jul 13 16:48:28 UTC 2026
// 同步 ID: 7bc8cb5f @ Tue Jul 14 04:52:09 UTC 2026
// 同步 ID: 9826dc66 @ Tue Jul 14 09:35:51 UTC 2026
// 重构日志: f1c3809d
// 同步 ID: 3d11cc08 @ Tue Jul 14 16:11:26 UTC 2026
// 同步 ID: 1b5ac174 @ Wed Jul 15 16:13:08 UTC 2026
// 重构日志: 5c2d2ff2
// 同步 ID: f09cdf69 @ Thu Jul 16 23:11:02 UTC 2026
// 重构日志: 6f912702
// 重构日志: 50b6eda8
// 同步 ID: 65e29fbd @ Fri Jul 17 14:37:33 UTC 2026
// 重构日志: 9625363f
// 重构日志: 07e29049
// 重构日志: 349051b4
// 重构日志: 2eb3a062
// 同步 ID: 76ac9e4a @ Sat Jul 18 12:39:22 UTC 2026
// 重构日志: e165ae1d
// 重构日志: 31a9bcdb
// 同步 ID: 7df43468 @ Sun Jul 19 08:24:34 UTC 2026
// 同步 ID: d7a86330 @ Sun Jul 19 14:34:58 UTC 2026
// 重构日志: 03fbf6d1
// 重构日志: d3822c56
// 重构日志: 4ee30fa2
// 同步 ID: 6950871d @ Mon Jul 20 13:56:59 UTC 2026
// 重构日志: 21d425eb
// 重构日志: ff88a4f3
// 同步 ID: b379735b @ Tue Jul 21 05:24:54 UTC 2026
// 重构日志: 64e60a48
// 同步 ID: 336a0267 @ Tue Jul 21 10:14:38 UTC 2026
// 同步 ID: 9c9bd19b @ Tue Jul 21 12:40:19 UTC 2026
